<?xml version="1.0" encoding="UTF-8"?>
<testsuite xmlns:xsi="http://www.w3.org/2001/XMLSchema-instance" xsi:noNamespaceSchemaLocation="https://maven.apache.org/surefire/maven-surefire-plugin/xsd/surefire-test-report-3.0.xsd" version="3.0" name="com.ecom.EcomApplicationTests" time="9.608" tests="1" errors="0" skipped="0" failures="0">
  <properties>
[...]
</properties>
  <testcase name="contextLoads" classname="com.ecom.EcomApplicationTests" time="0.875">
    <system-out><![CDATA[10:23:20.087 [main] INFO org.springframework.test.context.support.AnnotationConfigContextLoaderUtils -- Could not detect default configuration classes for test class [com.ecom.EcomApplicationTests]: EcomApplicationTests does not declare any static, non-private, non-final, nested classes annotated with @Configuration.
10:23:20.304 [main] INFO org.springframework.boot.test.context.SpringBootTestContextBootstrapper -- Found @SpringBootConfiguration com.ecom.EcomApplication for test class com.ecom.EcomApplicationTests
  .   ____          _            __ _ _
 /\\ / ___'_ __ _ _(_)_ __  __ _ \ \ \ \
( ( )\___ | '_ | '_| | '_ \/ _` | \ \ \ \
 \\/  ___)| |_)| | | | | || (_| |  ) ) ) )
  '  |____| .__|_| |_|_| |_\__, | / / / /
 =========|_|==============|___/=/_/_/_/

 :: Spring Boot ::                (v3.3.0)

2024-07-22T10:23:21.078+05:30  INFO 15912 --- [EcomApplication] [           main] com.ecom.EcomApplicationTests            : Starting EcomApplicationTests using Java 17.0.11 with PID 15912 (started by ASUS in D:\EcomApplication)
2024-07-22T10:23:21.081+05:30  INFO 15912 --- [EcomApplication] [           main] com.ecom.EcomApplicationTests            : No active profile set, falling back to 1 default profile: "default"
2024-07-22T10:23:22.398+05:30  INFO 15912 --- [EcomApplication] [           main] .s.d.r.c.RepositoryConfigurationDelegate : Bootstrapping Spring Data JPA repositories in DEFAULT mode.
2024-07-22T10:23:22.518+05:30  INFO 15912 --- [EcomApplication] [           main] .s.d.r.c.RepositoryConfigurationDelegate : Finished Spring Data repository scanning in 106 ms. Found 4 JPA repository interfaces.
2024-07-22T10:23:23.344+05:30  INFO 15912 --- [EcomApplication] [           main] o.hibernate.jpa.internal.util.LogHelper  : HHH000204: Processing PersistenceUnitInfo [name: default]
2024-07-22T10:23:23.474+05:30  INFO 15912 --- [EcomApplication] [           main] org.hibernate.Version                    : HHH000412: Hibernate ORM core version 6.5.2.Final
2024-07-22T10:23:23.548+05:30  INFO 15912 --- [EcomApplication] [           main] o.h.c.internal.RegionFactoryInitiator    : HHH000026: Second-level cache disabled
2024-07-22T10:23:24.273+05:30  INFO 15912 --- [EcomApplication] [           main] o.s.o.j.p.SpringPersistenceUnitInfo      : No LoadTimeWeaver setup: ignoring JPA class transformer
2024-07-22T10:23:24.324+05:30  INFO 15912 --- [EcomApplication] [           main] com.zaxxer.hikari.HikariDataSource       : HikariPool-1 - Starting...
2024-07-22T10:23:24.969+05:30  INFO 15912 --- [EcomApplication] [           main] com.zaxxer.hikari.pool.HikariPool        : HikariPool-1 - Added connection com.mysql.cj.jdbc.ConnectionImpl@4fee14b
2024-07-22T10:23:24.973+05:30  INFO 15912 --- [EcomApplication] [           main] com.zaxxer.hikari.HikariDataSource       : HikariPool-1 - Start completed.
2024-07-22T10:23:25.085+05:30  WARN 15912 --- [EcomApplication] [           main] org.hibernate.orm.deprecation            : HHH90000025: MySQLDialect does not need to be specified explicitly using 'hibernate.dialect' (remove the property setting and it will be selected by default)
2024-07-22T10:23:26.835+05:30  INFO 15912 --- [EcomApplication] [           main] o.h.e.t.j.p.i.JtaPlatformInitiator       : HHH000489: No JTA platform available (set 'hibernate.transaction.jta.platform' to enable JTA platform integration)
2024-07-22T10:23:27.012+05:30  INFO 15912 --- [EcomApplication] [           main] j.LocalContainerEntityManagerFactoryBean : Initialized JPA EntityManagerFactory for persistence unit 'default'
2024-07-22T10:23:27.424+05:30  INFO 15912 --- [EcomApplication] [           main] o.s.d.j.r.query.QueryEnhancerFactory     : Hibernate is in classpath; If applicable, HQL parser will be used.
2024-07-22T10:23:27.858+05:30  WARN 15912 --- [EcomApplication] [           main] JpaBaseConfiguration$JpaWebConfiguration : spring.jpa.open-in-view is enabled by default. Therefore, database queries may be performed during view rendering. Explicitly configure spring.jpa.open-in-view to disable this warning
2024-07-22T10:23:28.465+05:30  INFO 15912 --- [EcomApplication] [           main] com.ecom.EcomApplicationTests            : Started EcomApplicationTests in 7.85 seconds (process running for 10.109)
]]></system-out>
  </testcase>
</testsuite>